<?xml version="1.0" encoding="UTF-8"?>
<!-- Generated by org.testng.reporters.JUnitReportReporter -->
<testsuite hostname="DESKTOP-5GOQO3F" failures="0" tests="1" name="pageFactory.LoginTestCase" time="6.191" errors="0" timestamp="2022-07-31T23:53:26 IST" skipped="0">
  <testcase classname="pageFactory.LoginTestCase" name="Login" time="6.191"/>
  <system-out/>
</testsuite> <!-- pageFactory.LoginTestCase -->
