<?xml version="1.0" encoding="UTF-8"?>
<!-- Generated by org.testng.reporters.JUnitReportReporter -->
<testsuite hostname="DESKTOP-5GOQO3F" failures="0" tests="1" name="pageFactory.CreateLeadTeastCase" time="14.582" errors="0" timestamp="2022-08-01T00:25:55 IST" skipped="0">
  <testcase classname="pageFactory.CreateLeadTeastCase" name="CreateLead" time="14.582"/>
  <system-out/>
</testsuite> <!-- pageFactory.CreateLeadTeastCase -->
