<?xml version="1.0" encoding="UTF-8"?>
<!-- Generated by org.testng.reporters.JUnitReportReporter -->
<testsuite hostname="DESKTOP-5GOQO3F" failures="0" tests="1" name="pageFactoryWithoutAnnotations.LoginWithoutFindBy" time="15.942" errors="0" timestamp="2022-08-12T03:06:42 IST" skipped="0">
  <testcase classname="pageFactoryWithoutAnnotations.LoginWithoutFindBy" name="Login" time="15.942"/>
  <system-out/>
</testsuite> <!-- pageFactoryWithoutAnnotations.LoginWithoutFindBy -->
