<?xml version="1.0" encoding="UTF-8"?>
<!-- Generated by org.testng.reporters.JUnitReportReporter -->
<testsuite hostname="DESKTOP-5GOQO3F" failures="0" tests="1" name="testCase.CreateLeadTestCase" time="13.453" errors="0" timestamp="2022-07-31T23:39:57 IST" skipped="0">
  <testcase classname="testCase.CreateLeadTestCase" name="login" time="13.453"/>
  <system-out/>
</testsuite> <!-- testCase.CreateLeadTestCase -->
